TN:
SF:src/app.ts
FN:26,(anonymous_1)
FN:37,init
FN:42,close
FNF:3
FNH:2
FNDA:1,(anonymous_1)
FNDA:11,init
FNDA:0,close
DA:1,11
DA:2,11
DA:3,11
DA:4,11
DA:6,11
DA:8,11
DA:10,11
DA:11,11
DA:22,11
DA:23,11
DA:26,1
DA:37,11
DA:38,11
DA:39,11
DA:42,11
DA:43,0
DA:46,11
LF:17
LH:16
BRF:0
BRH:0
end_of_record
TN:
SF:src/config/database.ts
FN:4,connectDb
FN:8,disconnectDB
FNF:2
FNH:1
FNDA:11,connectDb
FNDA:0,disconnectDB
DA:1,14
DA:4,14
DA:5,11
DA:8,14
DA:9,0
LF:5
LH:4
BRF:0
BRH:0
end_of_record
TN:
SF:src/config/envs.ts
FN:4,loadEnv
FNF:1
FNH:1
FNDA:25,loadEnv
DA:1,14
DA:2,14
DA:4,14
DA:6,25
DA:12,25
DA:13,25
LF:6
LH:6
BRDA:6,0,0,25
BRDA:6,0,1,0
BRDA:8,1,0,0
BRDA:8,1,1,0
BRF:4
BRH:1
end_of_record
TN:
SF:src/config/index.ts
FNF:0
FNH:0
DA:1,14
DA:2,14
LF:2
LH:2
BRF:0
BRH:0
end_of_record
TN:
SF:src/controllers/authentication-controller.ts
FN:4,singInPost
FNF:1
FNH:1
FNDA:5,singInPost
DA:1,11
DA:3,11
DA:4,11
DA:5,5
DA:7,5
DA:8,5
DA:10,0
DA:12,5
LF:8
LH:7
BRF:0
BRH:0
end_of_record
TN:
SF:src/controllers/boooking-controller.ts
FN:6,getBookings
FN:18,postBooking
FN:35,updateBooking
FNF:3
FNH:3
FNDA:2,getBookings
FNDA:4,postBooking
FNDA:4,updateBooking
DA:2,11
DA:4,11
DA:6,11
DA:7,2
DA:9,2
DA:10,2
DA:12,1
DA:14,1
DA:18,11
DA:19,4
DA:20,4
DA:22,4
DA:23,4
DA:25,1
DA:27,3
DA:28,1
DA:30,2
DA:35,11
DA:36,4
DA:37,4
DA:38,4
DA:40,4
DA:41,4
DA:43,1
DA:45,3
DA:46,1
DA:48,2
LF:27
LH:27
BRDA:27,0,0,1
BRDA:45,1,0,1
BRF:2
BRH:2
end_of_record
TN:
SF:src/controllers/enrollments-controller.ts
FN:6,getEnrollmentByUser
FN:18,postCreateOrUpdateEnrollment
FN:31,getAddressFromCEP
FNF:3
FNH:3
FNDA:2,getEnrollmentByUser
FNDA:2,postCreateOrUpdateEnrollment
FNDA:2,getAddressFromCEP
DA:2,11
DA:4,11
DA:6,11
DA:7,2
DA:9,2
DA:10,2
DA:12,0
DA:14,2
DA:18,11
DA:19,2
DA:20,2
DA:25,2
DA:27,0
DA:31,11
DA:32,2
DA:34,2
DA:35,2
DA:36,1
DA:38,1
DA:39,1
LF:20
LH:18
BRDA:38,0,0,1
BRF:1
BRH:1
end_of_record
TN:
SF:src/controllers/events-controller.ts
FN:5,getDefaultEvent
FNF:1
FNH:1
FNDA:2,getDefaultEvent
DA:1,11
DA:3,11
DA:5,11
DA:6,2
DA:7,2
DA:8,1
DA:10,1
LF:7
LH:7
BRF:0
BRH:0
end_of_record
TN:
SF:src/controllers/hotel-controller.ts
FN:6,getHotels
FN:20,getHotelsWithRooms
FNF:2
FNH:2
FNDA:3,getHotels
FNDA:3,getHotelsWithRooms
DA:3,11
DA:4,11
DA:6,11
DA:7,3
DA:9,3
DA:10,3
DA:11,1
DA:13,2
DA:14,1
DA:16,1
DA:20,11
DA:21,3
DA:22,3
DA:24,3
DA:25,3
DA:27,1
DA:29,2
DA:30,1
DA:32,1
DA:33,1
DA:35,0
LF:21
LH:20
BRDA:13,0,0,1
BRDA:29,1,0,1
BRDA:32,2,0,1
BRF:3
BRH:3
end_of_record
TN:
SF:src/controllers/index.ts
FNF:0
FNH:0
DA:1,11
DA:2,11
DA:3,11
DA:4,11
DA:5,11
DA:6,11
DA:7,11
DA:8,11
LF:8
LH:8
BRF:0
BRH:0
end_of_record
TN:
SF:src/controllers/payments-controller.ts
FN:6,getPaymentByTicketId
FN:28,paymentProcess
FNF:2
FNH:2
FNDA:2,getPaymentByTicketId
FNDA:5,paymentProcess
DA:2,11
DA:4,11
DA:6,11
DA:7,2
DA:8,2
DA:9,2
DA:11,2
DA:12,1
DA:14,1
DA:16,0
DA:17,0
DA:19,0
DA:21,1
DA:22,0
DA:24,1
DA:28,11
DA:29,5
DA:30,5
DA:34,5
DA:36,5
DA:37,0
DA:39,5
DA:41,2
DA:42,0
DA:45,2
DA:47,3
DA:48,0
DA:50,3
LF:28
LH:21
BRDA:11,0,0,1
BRDA:16,1,0,0
BRDA:21,2,0,0
BRDA:36,3,0,0
BRDA:36,4,0,5
BRDA:36,4,1,5
BRDA:41,5,0,0
BRDA:47,6,0,0
BRF:8
BRH:3
end_of_record
TN:
SF:src/controllers/tickets-controller.ts
FN:6,getTicketTypes
FN:16,getTickets
FN:28,createTicket
FNF:3
FNH:3
FNDA:1,getTicketTypes
FNDA:2,getTickets
FNDA:4,createTicket
DA:2,11
DA:4,11
DA:6,11
DA:7,1
DA:8,1
DA:10,1
DA:12,0
DA:16,11
DA:17,2
DA:19,2
DA:20,2
DA:22,0
DA:24,2
DA:28,11
DA:29,4
DA:32,4
DA:34,4
DA:35,1
DA:38,3
DA:39,3
DA:41,2
DA:43,1
LF:22
LH:20
BRDA:34,0,0,1
BRF:1
BRH:1
end_of_record
TN:
SF:src/controllers/users-controller.ts
FN:5,usersPost
FNF:1
FNH:1
FNDA:6,usersPost
DA:1,11
DA:3,11
DA:5,11
DA:6,6
DA:8,6
DA:9,6
DA:10,1
DA:15,5
DA:16,0
DA:18,5
LF:10
LH:9
BRDA:15,0,0,0
BRF:1
BRH:0
end_of_record
TN:
SF:src/errors/cannot-enroll-before-start-date-error.ts
FN:3,cannotEnrollBeforeStartDateError
FNF:1
FNH:1
FNDA:8,cannotEnrollBeforeStartDateError
DA:3,11
DA:4,8
LF:2
LH:2
BRF:0
BRH:0
end_of_record
TN:
SF:src/errors/cannot-list-hotels-error.ts
FN:3,cannotListHotelsError
FNF:1
FNH:1
FNDA:2,cannotListHotelsError
DA:3,11
DA:4,2
LF:2
LH:2
BRF:0
BRH:0
end_of_record
TN:
SF:src/errors/conflict-error.ts
FN:3,conflictError
FNF:1
FNH:0
FNDA:0,conflictError
DA:3,11
DA:4,0
LF:2
LH:1
BRF:0
BRH:0
end_of_record
TN:
SF:src/errors/index.ts
FNF:0
FNH:0
DA:1,11
DA:2,11
DA:3,11
DA:4,11
DA:5,11
DA:6,11
DA:7,11
LF:7
LH:7
BRF:0
BRH:0
end_of_record
TN:
SF:src/errors/invalid-data-error.ts
FN:3,invalidDataError
FNF:1
FNH:1
FNDA:7,invalidDataError
DA:3,11
DA:4,7
LF:2
LH:2
BRF:0
BRH:0
end_of_record
TN:
SF:src/errors/invalid-email-error.ts
FN:3,invalidEmailError
FNF:1
FNH:0
FNDA:0,invalidEmailError
DA:3,11
DA:4,0
LF:2
LH:1
BRF:0
BRH:0
end_of_record
TN:
SF:src/errors/not-found-error.ts
FN:3,notFoundError
FNF:1
FNH:1
FNDA:15,notFoundError
DA:3,11
DA:4,15
LF:2
LH:2
BRF:0
BRH:0
end_of_record
TN:
SF:src/errors/request-error.ts
FN:3,requestError
FNF:1
FNH:1
FNDA:1,requestError
DA:3,11
DA:4,1
LF:2
LH:2
BRF:0
BRH:0
end_of_record
TN:
SF:src/errors/unauthorized-error.ts
FN:3,unauthorizedError
FNF:1
FNH:1
FNDA:41,unauthorizedError
DA:3,11
DA:4,41
LF:2
LH:2
BRF:0
BRH:0
end_of_record
TN:
SF:src/middlewares/authentication-middleware.ts
FN:8,authenticateToken
FN:33,generateUnauthorizedResponse
FNF:2
FNH:2
FNDA:74,authenticateToken
FNDA:37,generateUnauthorizedResponse
DA:2,11
DA:3,11
DA:5,11
DA:6,11
DA:8,11
DA:9,74
DA:10,74
DA:12,62
DA:13,62
DA:15,62
DA:16,62
DA:18,50
DA:23,50
DA:25,37
DA:27,37
DA:29,12
DA:34,37
LF:17
LH:17
BRDA:10,0,0,12
BRDA:13,1,0,0
BRDA:23,2,0,13
BRF:3
BRH:2
end_of_record
TN:
SF:src/middlewares/error-handling-middleware.ts
FN:5,handleApplicationErrors
FNF:1
FNH:0
FNDA:0,handleApplicationErrors
DA:3,11
DA:5,11
DA:6,0
DA:7,0
DA:12,0
DA:13,0
DA:18,0
DA:19,0
DA:24,0
DA:25,0
DA:30,0
DA:31,0
DA:37,0
DA:38,0
LF:14
LH:2
BRDA:6,0,0,0
BRDA:12,1,0,0
BRDA:12,2,0,0
BRDA:12,2,1,0
BRDA:18,3,0,0
BRDA:24,4,0,0
BRDA:30,5,0,0
BRF:7
BRH:0
end_of_record
TN:
SF:src/middlewares/index.ts
FNF:0
FNH:0
DA:1,11
DA:2,11
DA:3,11
LF:3
LH:3
BRF:0
BRH:0
end_of_record
TN:
SF:src/middlewares/validation-middleware.ts
FN:6,validateBody
FN:10,validateParams
FN:14,validate
FN:15,(anonymous_4)
FN:23,(anonymous_5)
FNF:5
FNH:4
FNDA:33,validateBody
FNDA:0,validateParams
FNDA:33,validate
FNDA:20,(anonymous_4)
FNDA:23,(anonymous_5)
DA:1,11
DA:3,11
DA:6,11
DA:7,33
DA:10,11
DA:11,0
DA:15,33
DA:16,20
DA:20,20
DA:21,13
DA:23,23
LF:11
LH:10
BRDA:20,0,0,13
BRDA:20,0,1,7
BRF:2
BRH:2
end_of_record
TN:
SF:src/repositories/address-repository/index.ts
FN:4,upsert
FNF:1
FNH:1
FNDA:2,upsert
DA:1,11
DA:5,2
DA:20,11
DA:24,11
LF:4
LH:4
BRF:0
BRH:0
end_of_record
TN:
SF:src/repositories/booking-repository/index.ts
FN:4,findBookingByUserId
FN:13,insertBooking
FN:22,findRoomById
FN:30,findBookingsByRoomId
FN:38,updateBooking
FNF:5
FNH:5
FNDA:2,findBookingByUserId
FNDA:1,insertBooking
FNDA:6,findRoomById
FNDA:4,findBookingsByRoomId
FNDA:1,updateBooking
DA:1,11
DA:4,11
DA:5,2
DA:13,11
DA:14,1
DA:22,11
DA:23,6
DA:30,11
DA:31,4
DA:38,11
DA:39,1
DA:49,11
DA:57,11
LF:13
LH:13
BRF:0
BRH:0
end_of_record
TN:
SF:src/repositories/enrollment-repository/index.ts
FN:4,findWithAddressByUserId
FN:13,findById
FN:19,upsert
FNF:3
FNH:3
FNDA:21,findWithAddressByUserId
FNDA:4,findById
FNDA:2,upsert
DA:1,11
DA:5,21
DA:14,4
DA:24,2
DA:36,11
DA:42,11
LF:6
LH:6
BRF:0
BRH:0
end_of_record
TN:
SF:src/repositories/event-repository/index.ts
FN:3,findFirst
FNF:1
FNH:1
FNDA:11,findFirst
DA:1,11
DA:4,11
DA:7,11
DA:11,11
LF:4
LH:4
BRF:0
BRH:0
end_of_record
TN:
SF:src/repositories/hotel-repository/index.ts
FN:3,findHotels
FN:7,findRoomsByHotelId
FNF:2
FNH:2
FNDA:1,findHotels
FNDA:1,findRoomsByHotelId
DA:1,11
DA:4,1
DA:8,1
DA:18,11
DA:23,11
LF:5
LH:5
BRF:0
BRH:0
end_of_record
TN:
SF:src/repositories/payment-repository/index.ts
FN:4,findPaymentByTicketId
FN:12,createPayment
FNF:2
FNH:2
FNDA:1,findPaymentByTicketId
FNDA:3,createPayment
DA:1,11
DA:5,1
DA:13,3
DA:23,11
DA:28,11
LF:5
LH:5
BRF:0
BRH:0
end_of_record
TN:
SF:src/repositories/session-repository/index.ts
FN:4,create
FNF:1
FNH:1
FNDA:4,create
DA:1,11
DA:5,4
DA:10,11
DA:14,11
LF:4
LH:4
BRF:0
BRH:0
end_of_record
TN:
SF:src/repositories/ticket-repository/index.ts
FN:4,findTicketTypes
FN:8,findTickeyById
FN:18,findTickeWithTypeById
FN:29,findTicketByEnrollmentId
FN:40,createTicket
FN:48,ticketProcessPayment
FNF:6
FNH:6
FNDA:1,findTicketTypes
FNDA:6,findTickeyById
FNDA:3,findTickeWithTypeById
FNDA:15,findTicketByEnrollmentId
FNDA:2,createTicket
FNDA:2,ticketProcessPayment
DA:1,11
DA:2,11
DA:5,1
DA:9,6
DA:19,3
DA:30,15
DA:41,2
DA:49,2
DA:61,11
DA:70,11
LF:10
LH:10
BRF:0
BRH:0
end_of_record
TN:
SF:src/repositories/user-repository/index.ts
FN:4,findByEmail
FN:18,create
FNF:2
FNH:2
FNDA:10,findByEmail
FNDA:1,create
DA:1,11
DA:5,10
DA:11,10
DA:12,9
DA:15,10
DA:19,1
DA:24,11
DA:29,11
LF:8
LH:8
BRDA:11,0,0,9
BRF:1
BRH:1
end_of_record
TN:
SF:src/routers/authentication-router.ts
FNF:0
FNH:0
DA:1,11
DA:2,11
DA:3,11
DA:4,11
DA:6,11
DA:8,11
DA:10,11
LF:7
LH:7
BRF:0
BRH:0
end_of_record
TN:
SF:src/routers/booking-router.ts
FNF:0
FNH:0
DA:1,11
DA:2,11
DA:3,11
DA:5,11
DA:7,11
DA:13,11
LF:6
LH:6
BRF:0
BRH:0
end_of_record
TN:
SF:src/routers/enrollments-router.ts
FNF:0
FNH:0
DA:1,11
DA:2,11
DA:3,11
DA:4,11
DA:6,11
DA:8,11
DA:14,11
LF:7
LH:7
BRF:0
BRH:0
end_of_record
TN:
SF:src/routers/events-router.ts
FNF:0
FNH:0
DA:1,11
DA:2,11
DA:4,11
DA:6,11
DA:8,11
LF:5
LH:5
BRF:0
BRH:0
end_of_record
TN:
SF:src/routers/hotels-router.ts
FNF:0
FNH:0
DA:1,11
DA:2,11
DA:3,11
DA:5,11
DA:7,11
DA:12,11
LF:6
LH:6
BRF:0
BRH:0
end_of_record
TN:
SF:src/routers/index.ts
FNF:0
FNH:0
DA:1,11
DA:2,11
DA:3,11
DA:4,11
DA:5,11
DA:6,11
DA:7,11
DA:8,11
LF:8
LH:8
BRF:0
BRH:0
end_of_record
TN:
SF:src/routers/payments-router.ts
FNF:0
FNH:0
DA:1,11
DA:2,11
DA:3,11
DA:5,11
DA:7,11
DA:12,11
LF:6
LH:6
BRF:0
BRH:0
end_of_record
TN:
SF:src/routers/tickets-router.ts
FNF:0
FNH:0
DA:1,11
DA:2,11
DA:3,11
DA:5,11
DA:7,11
DA:13,11
LF:6
LH:6
BRF:0
BRH:0
end_of_record
TN:
SF:src/routers/users-router.ts
FNF:0
FNH:0
DA:1,11
DA:3,11
DA:4,11
DA:5,11
DA:7,11
DA:9,11
DA:11,11
LF:7
LH:7
BRF:0
BRH:0
end_of_record
TN:
SF:src/schemas/authentication-schemas.ts
FNF:0
FNH:0
DA:2,14
DA:4,14
LF:2
LH:2
BRF:0
BRH:0
end_of_record
TN:
SF:src/schemas/enrollments-schemas.ts
FN:23,(anonymous_1)
FN:30,joiCpfValidation
FN:40,JoiCepValidation
FN:50,joiMobilePhoneValidation
FNF:4
FNH:4
FNDA:378,(anonymous_1)
FNDA:29,joiCpfValidation
FNDA:19,JoiCepValidation
FNDA:23,joiMobilePhoneValidation
DA:2,14
DA:3,14
DA:5,14
DA:7,14
DA:9,14
DA:11,14
DA:23,378
DA:31,29
DA:33,29
DA:34,1
DA:37,28
DA:41,19
DA:43,19
DA:44,1
DA:47,18
DA:51,23
DA:53,23
DA:54,0
DA:57,23
LF:19
LH:18
BRDA:31,0,0,0
BRDA:33,1,0,1
BRDA:41,2,0,0
BRDA:43,3,0,1
BRDA:51,4,0,0
BRDA:53,5,0,0
BRF:6
BRH:2
end_of_record
TN:
SF:src/schemas/index.ts
FNF:0
FNH:0
DA:1,14
DA:2,14
DA:3,14
LF:3
LH:3
BRF:0
BRH:0
end_of_record
TN:
SF:src/schemas/users-schemas.ts
FNF:0
FNH:0
DA:2,14
DA:4,14
LF:2
LH:2
BRF:0
BRH:0
end_of_record
TN:
SF:src/services/authentication-service/errors.ts
FN:3,invalidCredentialsError
FNF:1
FNH:1
FNDA:7,invalidCredentialsError
DA:3,11
DA:4,7
LF:2
LH:2
BRF:0
BRH:0
end_of_record
TN:
SF:src/services/authentication-service/index.ts
FN:9,signIn
FN:24,getUserOrFail
FN:31,createSession
FN:41,validatePasswordOrFail
FNF:4
FNH:4
FNDA:9,signIn
FNDA:9,getUserOrFail
FNDA:4,createSession
FNDA:6,validatePasswordOrFail
DA:1,11
DA:2,11
DA:3,11
DA:5,11
DA:6,11
DA:7,11
DA:10,9
DA:12,9
DA:14,6
DA:16,4
DA:18,0
DA:25,9
DA:26,9
DA:28,6
DA:32,4
DA:33,4
DA:38,0
DA:42,6
DA:43,6
DA:55,11
DA:59,11
DA:60,11
LF:22
LH:20
BRDA:26,0,0,3
BRDA:43,1,0,2
BRF:2
BRH:2
end_of_record
TN:
SF:src/services/booking-service/index.ts
FN:8,getBookingByUserId
FN:20,postBooking
FN:32,changeBooking
FN:45,checkTicket
FN:59,checkRoomAvailability
FNF:5
FNH:5
FNDA:2,getBookingByUserId
FNDA:4,postBooking
FNDA:4,changeBooking
FNDA:8,checkTicket
FNDA:6,checkRoomAvailability
DA:1,11
DA:2,11
DA:3,11
DA:4,11
DA:9,2
DA:11,2
DA:13,1
DA:21,4
DA:22,3
DA:24,1
DA:26,1
DA:33,4
DA:34,3
DA:36,1
DA:38,1
DA:47,8
DA:48,8
DA:49,0
DA:52,8
DA:54,8
DA:55,2
DA:60,6
DA:62,6
DA:64,4
DA:66,4
DA:67,2
DA:72,11
DA:78,11
LF:28
LH:27
BRDA:11,0,0,1
BRDA:48,1,0,0
BRDA:54,2,0,2
BRDA:54,3,0,8
BRDA:54,3,1,8
BRDA:54,3,2,6
BRDA:54,3,3,6
BRDA:62,4,0,2
BRDA:66,5,0,2
BRF:9
BRH:8
end_of_record
TN:
SF:src/services/enrollments-service/index.ts
FN:9,getAddressFromCEP
FN:35,getOneWithAddressByUserId
FN:51,getFirstAddress
FN:59,createOrUpdateEnrollmentWithAddress
FN:75,getAddressForUpsert
FNF:5
FNH:4
FNDA:4,getAddressFromCEP
FNDA:2,getOneWithAddressByUserId
FNDA:0,getFirstAddress
FNDA:2,createOrUpdateEnrollmentWithAddress
FNDA:2,getAddressForUpsert
DA:2,11
DA:3,11
DA:4,11
DA:5,11
DA:6,11
DA:10,4
DA:12,4
DA:13,1
DA:22,3
DA:24,3
DA:32,3
DA:36,2
DA:38,2
DA:40,0
DA:41,0
DA:43,0
DA:52,0
DA:54,0
DA:60,2
DA:61,2
DA:65,2
DA:66,2
DA:67,0
DA:70,2
DA:72,2
DA:76,2
DA:86,11
DA:92,11
LF:28
LH:22
BRDA:12,0,0,1
BRDA:38,1,0,2
BRDA:45,2,0,0
BRDA:45,2,1,0
BRDA:52,3,0,0
BRDA:66,4,0,0
BRDA:78,5,0,2
BRDA:78,5,1,2
BRF:8
BRH:4
end_of_record
TN:
SF:src/services/events-service/index.ts
FN:7,getFirstEvent
FN:16,isCurrentEventActive
FNF:2
FNH:2
FNDA:2,getFirstEvent
FNDA:9,isCurrentEventActive
DA:1,11
DA:2,11
DA:3,11
DA:5,11
DA:8,2
DA:9,2
DA:11,1
DA:17,9
DA:18,9
DA:20,1
DA:21,1
DA:22,1
DA:24,1
DA:27,11
DA:32,11
LF:15
LH:15
BRDA:9,0,0,1
BRDA:18,1,0,8
BRDA:24,2,0,1
BRDA:24,2,1,1
BRF:4
BRH:4
end_of_record
TN:
SF:src/services/hotels-service/index.ts
FN:7,listHotels
FN:21,getHotels
FN:28,getHotelsWithRooms
FNF:3
FNH:3
FNDA:6,listHotels
FNDA:3,getHotels
FNDA:3,getHotelsWithRooms
DA:1,11
DA:2,11
DA:3,11
DA:4,11
DA:5,11
DA:9,6
DA:10,6
DA:11,2
DA:14,4
DA:16,4
DA:17,2
DA:22,3
DA:24,1
DA:25,1
DA:29,3
DA:30,1
DA:32,1
DA:33,0
DA:35,1
DA:38,11
DA:43,11
LF:21
LH:20
BRDA:10,0,0,2
BRDA:16,1,0,2
BRDA:16,2,0,4
BRDA:16,2,1,2
BRDA:16,2,2,2
BRDA:16,2,3,2
BRDA:32,3,0,0
BRF:7
BRH:6
end_of_record
TN:
SF:src/services/payments-service/index.ts
FN:6,verifyTicketAndEnrollment
FN:19,getPaymentByTicketId
FN:30,paymentProcess
FNF:3
FNH:3
FNDA:6,verifyTicketAndEnrollment
FNDA:1,getPaymentByTicketId
FNDA:5,paymentProcess
DA:1,11
DA:2,11
DA:3,11
DA:4,11
DA:7,6
DA:9,6
DA:10,2
DA:12,4
DA:14,4
DA:15,0
DA:20,1
DA:22,1
DA:24,1
DA:25,1
DA:27,0
DA:31,5
DA:33,3
DA:35,3
DA:42,3
DA:44,2
DA:46,2
DA:57,11
DA:62,11
LF:23
LH:21
BRDA:9,0,0,2
BRDA:14,1,0,0
BRDA:24,2,0,1
BRF:3
BRH:2
end_of_record
TN:
SF:src/services/tickets-service/index.ts
FN:6,getTicketTypes
FN:15,getTicketByUserId
FN:28,createTicket
FNF:3
FNH:3
FNDA:1,getTicketTypes
FNDA:2,getTicketByUserId
FNDA:3,createTicket
DA:1,11
DA:2,11
DA:3,11
DA:4,11
DA:7,1
DA:9,1
DA:10,0
DA:12,1
DA:16,2
DA:17,2
DA:18,1
DA:20,1
DA:21,1
DA:22,1
DA:25,0
DA:29,3
DA:30,3
DA:31,1
DA:34,2
DA:40,2
DA:42,2
DA:44,2
DA:47,11
DA:53,11
LF:24
LH:22
BRDA:9,0,0,0
BRDA:17,1,0,1
BRDA:21,2,0,1
BRDA:30,3,0,1
BRF:4
BRH:3
end_of_record
TN:
SF:src/services/users-service/errors.ts
FN:3,duplicatedEmailError
FNF:1
FNH:1
FNDA:1,duplicatedEmailError
DA:3,11
DA:4,1
LF:2
LH:2
BRF:0
BRH:0
end_of_record
TN:
SF:src/services/users-service/index.ts
FN:8,createUser
FN:20,validateUniqueEmailOrFail
FN:27,canEnrollOrFail
FNF:3
FNH:3
FNDA:9,createUser
FNDA:1,validateUniqueEmailOrFail
FNDA:9,canEnrollOrFail
DA:1,11
DA:2,11
DA:4,11
DA:5,11
DA:6,11
DA:8,11
DA:9,9
DA:11,1
DA:13,1
DA:14,1
DA:21,1
DA:22,1
DA:23,0
DA:28,9
DA:29,9
DA:30,8
DA:36,11
DA:40,11
DA:41,11
LF:19
LH:18
BRDA:22,0,0,0
BRDA:29,1,0,8
BRF:2
BRH:1
end_of_record
TN:
SF:src/utils/cep-service.ts
FN:4,getAddress
FNF:1
FNH:1
FNDA:4,getAddress
DA:2,11
DA:5,4
DA:6,4
DA:10,11
LF:4
LH:4
BRF:0
BRH:0
end_of_record
TN:
SF:src/utils/prisma-utils.ts
FN:1,exclude
FNF:1
FNH:1
FNDA:5,exclude
DA:1,11
DA:2,5
DA:3,5
DA:4,6
DA:6,5
LF:5
LH:5
BRF:0
BRH:0
end_of_record
TN:
SF:src/utils/request.ts
FN:4,get
FNF:1
FNH:1
FNDA:4,get
DA:1,11
DA:2,11
DA:5,4
DA:6,4
DA:7,3
DA:12,1
DA:14,1
DA:18,11
LF:8
LH:8
BRF:0
BRH:0
end_of_record
TN:
SF:tests/helpers.ts
FN:8,cleanDb
FN:23,generateValidToken
FNF:2
FNH:2
FNDA:75,cleanDb
FNDA:46,generateValidToken
DA:1,10
DA:4,10
DA:5,10
DA:6,10
DA:8,10
DA:9,75
DA:10,75
DA:11,75
DA:12,75
DA:13,74
DA:14,74
DA:15,74
DA:16,74
DA:17,71
DA:18,71
DA:19,71
DA:23,10
DA:24,46
DA:25,46
DA:27,46
DA:29,46
LF:21
LH:21
BRDA:24,0,0,46
BRDA:24,0,1,9
BRF:2
BRH:2
end_of_record
TN:
SF:tests/factories/booking-factory.ts
FN:3,createBooking
FNF:1
FNH:1
FNDA:9,createBooking
DA:1,10
DA:3,10
DA:4,9
LF:3
LH:3
BRF:0
BRH:0
end_of_record
TN:
SF:tests/factories/enrollments-factory.ts
FN:8,createEnrollmentWithAddress
FN:35,createhAddressWithCEP
FNF:2
FNH:2
FNDA:34,createEnrollmentWithAddress
FNDA:1,createhAddressWithCEP
DA:1,10
DA:2,10
DA:5,10
DA:6,10
DA:8,10
DA:9,34
DA:11,34
DA:35,10
DA:36,1
LF:9
LH:9
BRDA:9,0,0,34
BRDA:9,0,1,0
BRF:2
BRH:1
end_of_record
TN:
SF:tests/factories/events-factory.ts
FN:6,createEvent
FNF:1
FNH:1
FNDA:4,createEvent
DA:1,10
DA:2,10
DA:4,10
DA:6,10
DA:7,4
LF:5
LH:5
BRDA:6,0,0,3
BRDA:9,1,0,4
BRDA:9,1,1,4
BRDA:10,2,0,4
BRDA:10,2,1,4
BRDA:11,3,0,4
BRDA:11,3,1,4
BRDA:12,4,0,4
BRDA:12,4,1,3
BRDA:13,5,0,4
BRDA:13,5,1,4
BRF:11
BRH:11
end_of_record
TN:
SF:tests/factories/hotels-factory.ts
FN:5,createHotel
FN:14,createRoomWithHotelId
FNF:2
FNH:2
FNDA:12,createHotel
FNDA:10,createRoomWithHotelId
DA:1,10
DA:2,10
DA:5,10
DA:6,12
DA:14,10
DA:15,10
LF:6
LH:6
BRF:0
BRH:0
end_of_record
TN:
SF:tests/factories/index.ts
FNF:0
FNH:0
DA:1,10
DA:2,10
DA:3,10
DA:4,10
DA:5,10
DA:6,10
DA:7,10
DA:8,10
LF:8
LH:8
BRF:0
BRH:0
end_of_record
TN:
SF:tests/factories/payments-factory.ts
FN:4,createPayment
FN:15,generateCreditCardData
FNF:2
FNH:2
FNDA:15,createPayment
FNDA:5,generateCreditCardData
DA:1,10
DA:2,10
DA:4,10
DA:5,15
DA:15,10
DA:16,5
DA:18,5
LF:7
LH:7
BRF:0
BRH:0
end_of_record
TN:
SF:tests/factories/sessions-factory.ts
FN:5,createSession
FNF:1
FNH:1
FNDA:46,createSession
DA:2,10
DA:3,10
DA:5,10
DA:6,46
DA:8,46
LF:5
LH:5
BRF:0
BRH:0
end_of_record
TN:
SF:tests/factories/tickets-factory.ts
FN:5,createTicketType
FN:16,createTicketTypeRemote
FN:27,createTicketTypeWithHotel
FN:38,createTicket
FNF:4
FNH:4
FNDA:10,createTicketType
FNDA:2,createTicketTypeRemote
FNDA:14,createTicketTypeWithHotel
FNDA:19,createTicket
DA:1,10
DA:2,10
DA:5,10
DA:6,10
DA:16,10
DA:17,2
DA:27,10
DA:28,14
DA:38,10
DA:39,19
LF:10
LH:10
BRF:0
BRH:0
end_of_record
TN:
SF:tests/factories/users-factory.ts
FN:6,createUser
FNF:1
FNH:1
FNDA:114,createUser
DA:1,10
DA:2,10
DA:4,10
DA:6,10
DA:7,114
DA:8,114
DA:10,114
LF:7
LH:7
BRDA:6,0,0,106
BRDA:7,1,0,114
BRDA:7,1,1,106
BRDA:12,2,0,114
BRDA:12,2,1,106
BRF:5
BRH:5
end_of_record
